Building DAG of jobs...
Using shell: /usr/bin/bash
Provided cores: 2
Rules claiming more threads will be scaled down.
Job counts:
	count	jobs
	1	all
	1	portcullis
	2

[Thu Apr  8 16:13:56 2021]
rule portcullis:
    input: direct_inference_out/merged.bam
    output: direct_inference_out/portcullis_out/3-filt/portcullis_filtered.pass.junctions.bed
    jobid: 1
    wildcards: _dir=direct_inference_out

[Thu Apr  8 16:14:42 2021]
Finished job 1.
1 of 2 steps (50%) done

[Thu Apr  8 16:14:42 2021]
localrule all:
    input: direct_inference_out/portcullis_out/3-filt/portcullis_filtered.pass.junctions.bed
    jobid: 0

[Thu Apr  8 16:14:42 2021]
Finished job 0.
2 of 2 steps (100%) done
Complete log: /ocean/projects/mcb190119p/usingh/urmi/max_orphans/orphan-prediction/evidence_based_pipeline/.snakemake/log/2021-04-08T161354.747610.snakemake.log
