Building DAG of jobs...
Using shell: /usr/bin/bash
Provided cores: 3
Rules claiming more threads will be scaled down.
Job counts:
	count	jobs
	3	align_assemble
	1	all
	1	bam_merge
	5

[Thu Apr  8 15:53:15 2021]
rule align_assemble:
    output: direct_inference_out/SRR978411/SRR978411_hisat2_sorted.bam, direct_inference_out/SRR978411/SRR978411_hisat2_sorted_stringtie.gtf, direct_inference_out/SRR978411/SRR978411_hisat2_sorted_cufflinks.gtf
    jobid: 3
    wildcards: wd=direct_inference_out, sample=SRR978411

[Thu Apr  8 15:53:15 2021]
rule align_assemble:
    output: direct_inference_out/SRR976159/SRR976159_hisat2_sorted.bam, direct_inference_out/SRR976159/SRR976159_hisat2_sorted_stringtie.gtf, direct_inference_out/SRR976159/SRR976159_hisat2_sorted_cufflinks.gtf
    jobid: 2
    wildcards: wd=direct_inference_out, sample=SRR976159

[Thu Apr  8 15:53:15 2021]
rule align_assemble:
    output: direct_inference_out/SRR971778/SRR971778_hisat2_sorted.bam, direct_inference_out/SRR971778/SRR971778_hisat2_sorted_stringtie.gtf, direct_inference_out/SRR971778/SRR971778_hisat2_sorted_cufflinks.gtf
    jobid: 4
    wildcards: wd=direct_inference_out, sample=SRR971778

[Thu Apr  8 15:57:22 2021]
Finished job 3.
1 of 5 steps (20%) done
[Thu Apr  8 15:57:48 2021]
Finished job 2.
2 of 5 steps (40%) done
[Thu Apr  8 15:57:52 2021]
Finished job 4.
3 of 5 steps (60%) done

[Thu Apr  8 15:57:52 2021]
rule bam_merge:
    input: direct_inference_out/SRR976159/SRR976159_hisat2_sorted.bam, direct_inference_out/SRR978411/SRR978411_hisat2_sorted.bam, direct_inference_out/SRR971778/SRR971778_hisat2_sorted.bam
    output: direct_inference_out/merged.bam
    jobid: 1
    wildcards: wd=direct_inference_out

[Thu Apr  8 15:59:08 2021]
Finished job 1.
4 of 5 steps (80%) done

[Thu Apr  8 15:59:08 2021]
localrule all:
    input: direct_inference_out/merged.bam
    jobid: 0

[Thu Apr  8 15:59:08 2021]
Finished job 0.
5 of 5 steps (100%) done
Complete log: /ocean/projects/mcb190119p/usingh/urmi/max_orphans/orphan-prediction/evidence_based_pipeline/.snakemake/log/2021-04-08T155314.260378.snakemake.log
