Building DAG of jobs...
Using shell: /usr/bin/bash
Provided cores: 2
Rules claiming more threads will be scaled down.
Job counts:
	count	jobs
	1	all
	1	create_GTFlist
	2

[Thu Apr  8 17:01:16 2021]
rule create_GTFlist:
    input: direct_inference_out/SRR976159/SRR976159_hisat2_sorted_cufflinks.gtf, direct_inference_out/SRR978411/SRR978411_hisat2_sorted_cufflinks.gtf, direct_inference_out/SRR971778/SRR971778_hisat2_sorted_cufflinks.gtf, direct_inference_out/SRR976159/SRR976159_hisat2_sorted_stringtie.gtf, direct_inference_out/SRR978411/SRR978411_hisat2_sorted_stringtie.gtf, direct_inference_out/SRR971778/SRR971778_hisat2_sorted_stringtie.gtf
    output: direct_inference_out/gtflist.txt
    jobid: 6
    wildcards: wd=direct_inference_out

[Thu Apr  8 17:01:18 2021]
Finished job 6.
1 of 2 steps (50%) done

[Thu Apr  8 17:01:18 2021]
localrule all:
    input: direct_inference_out/portcullis_out/3-filt/portcullis_filtered.pass.junctions.bed, direct_inference_out/gtflist.txt
    jobid: 0

[Thu Apr  8 17:01:18 2021]
Finished job 0.
2 of 2 steps (100%) done
Complete log: /ocean/projects/mcb190119p/usingh/urmi/max_orphans/orphan-prediction/evidence_based_pipeline/.snakemake/log/2021-04-08T170114.735132.snakemake.log
