Building DAG of jobs...
Using shell: /usr/bin/bash
Provided cores: 2
Rules claiming more threads will be scaled down.
Job counts:
	count	jobs
	1	all
	1	create_GTFlist
	1	portcullis
	3

[Thu Apr  8 16:39:30 2021]
rule create_GTFlist:
    input: direct_inference_out/SRR976159/SRR976159_hisat2_sorted_cufflinks.gtf, direct_inference_out/SRR978411/SRR978411_hisat2_sorted_cufflinks.gtf, direct_inference_out/SRR971778/SRR971778_hisat2_sorted_cufflinks.gtf, direct_inference_out/SRR976159/SRR976159_hisat2_sorted_stringtie.gtf, direct_inference_out/SRR978411/SRR978411_hisat2_sorted_stringtie.gtf, direct_inference_out/SRR971778/SRR971778_hisat2_sorted_stringtie.gtf
    output: direct_inference_out/gtflist.txt
    jobid: 6
    wildcards: wd=direct_inference_out

[Thu Apr  8 16:39:30 2021]
rule portcullis:
    input: direct_inference_out/merged.bam
    output: direct_inference_out/portcullis_out/3-filt/portcullis_filtered.pass.junctions.bed
    jobid: 1
    wildcards: _dir=direct_inference_out

[Thu Apr  8 16:39:32 2021]
Finished job 6.
1 of 3 steps (33%) done
[Thu Apr  8 16:40:13 2021]
Finished job 1.
2 of 3 steps (67%) done

[Thu Apr  8 16:40:13 2021]
localrule all:
    input: direct_inference_out/portcullis_out/3-filt/portcullis_filtered.pass.junctions.bed, direct_inference_out/gtflist.txt
    jobid: 0

[Thu Apr  8 16:40:13 2021]
Finished job 0.
3 of 3 steps (100%) done
Complete log: /ocean/projects/mcb190119p/usingh/urmi/max_orphans/orphan-prediction/evidence_based_pipeline/.snakemake/log/2021-04-08T163928.450179.snakemake.log
