Building DAG of jobs...
Provided cores: 2
Rules claiming more threads will be scaled down.
Job counts:
	count	jobs
	3	align_assemble
	1	all
	4

rule align_assemble:
    output: direct_inference_out/SRR976159/SRR976159_hisat2_sorted.bam, direct_inference_out/SRR976159/SRR976159_hisat2_sorted_stringtie.gtf, direct_inference_out/SRR976159/SRR976159_hisat2_sorted_cufflinks.gtf
    jobid: 3
    wildcards: wd=direct_inference_out, sample=SRR976159

rule align_assemble:
    output: direct_inference_out/SRR971778/SRR971778_hisat2_sorted.bam, direct_inference_out/SRR971778/SRR971778_hisat2_sorted_stringtie.gtf, direct_inference_out/SRR971778/SRR971778_hisat2_sorted_cufflinks.gtf
    jobid: 1
    wildcards: wd=direct_inference_out, sample=SRR971778

Finished job 3.
1 of 4 steps (25%) done

rule align_assemble:
    output: direct_inference_out/SRR978411/SRR978411_hisat2_sorted.bam, direct_inference_out/SRR978411/SRR978411_hisat2_sorted_stringtie.gtf, direct_inference_out/SRR978411/SRR978411_hisat2_sorted_cufflinks.gtf
    jobid: 2
    wildcards: wd=direct_inference_out, sample=SRR978411

Finished job 2.
2 of 4 steps (50%) done
Finished job 1.
3 of 4 steps (75%) done

localrule all:
    input: direct_inference_out/SRR976159/SRR976159_hisat2_sorted.bam, direct_inference_out/SRR978411/SRR978411_hisat2_sorted.bam, direct_inference_out/SRR971778/SRR971778_hisat2_sorted.bam, direct_inference_out/SRR976159/SRR976159_hisat2_sorted_stringtie.gtf, direct_inference_out/SRR978411/SRR978411_hisat2_sorted_stringtie.gtf, direct_inference_out/SRR971778/SRR971778_hisat2_sorted_stringtie.gtf, direct_inference_out/SRR976159/SRR976159_hisat2_sorted_cufflinks.gtf, direct_inference_out/SRR978411/SRR978411_hisat2_sorted_cufflinks.gtf, direct_inference_out/SRR971778/SRR971778_hisat2_sorted_cufflinks.gtf
    jobid: 0

Finished job 0.
4 of 4 steps (100%) done
