Building DAG of jobs...
Using shell: /usr/bin/bash
Provided cores: 2
Rules claiming more threads will be scaled down.
Job counts:
	count	jobs
	1	all
	1	mikado
	2

[Thu Apr  8 17:41:40 2021]
rule mikado:
    input: direct_inference_out/portcullis_out/3-filt/portcullis_filtered.pass.junctions.bed, direct_inference_out/gtflist.txt
    output: mikado.loci.gff3
    jobid: 7

Waiting at most 5 seconds for missing files.
MissingOutputException in line 108 of /ocean/projects/mcb190119p/usingh/urmi/max_orphans/orphan-prediction/evidence_based_pipeline/Snakefile:
Job Missing files after 5 seconds:
mikado.loci.gff3
This might be due to filesystem latency. If that is the case, consider to increase the wait time with --latency-wait.
Job id: 7 completed successfully, but some output files are missing. 7
  File "/ocean/projects/mcb190119p/usingh/lib/myAnacondaBridges2/envs/orphan_prediction/lib/python3.6/site-packages/snakemake/executors/__init__.py", line 583, in handle_job_success
  File "/ocean/projects/mcb190119p/usingh/lib/myAnacondaBridges2/envs/orphan_prediction/lib/python3.6/site-packages/snakemake/executors/__init__.py", line 259, in handle_job_success
Shutting down, this might take some time.
Exiting because a job execution failed. Look above for error message
Complete log: /ocean/projects/mcb190119p/usingh/urmi/max_orphans/orphan-prediction/evidence_based_pipeline/.snakemake/log/2021-04-08T174139.206401.snakemake.log
